<?xml version="1.0" encoding="UTF-8"?>
<!-- Generated by org.testng.reporters.JUnitXMLReporter -->
<testsuite ignored="0" hostname="BHARATH" failures="0" tests="7" name="Test" time="121.845" errors="0" timestamp="2025-02-11T19:03:56 IST">
  <testcase classname="test.LoginPageTest" name="verifyHomePageTitle" time="0.462"/>
  <testcase classname="test.LoginPageTest" name="verifyGraphicsText" time="0.144"/>
  <testcase classname="test.viewsText" name="verifyLongPressPeopleNames" time="9.415"/>
  <testcase classname="test.ScrollToWebViewTest" name="ScrollingtoWebView" time="7.95"/>
  <testcase classname="test.DragandDropText" name="validationonDragandDropText" time="4.404"/>
  <testcase classname="test.PreferenceWifiSettingsTest" name="ValidatewifisettingsModule" time="12.998"/>
  <testcase classname="test.AlertDialogsTest" name="ValidationOfAlertDialogs" time="5.912"/>
</testsuite> <!-- Test -->
