<?xml version="1.0" encoding="UTF-8"?>
<!-- Generated by org.testng.reporters.JUnitReportReporter -->
<testsuite hostname="BHARATH" failures="0" tests="1" name="test.PreferenceWifiSettingsTest" time="12.998" errors="0" timestamp="2025-02-11T19:03:56 IST" skipped="0">
  <testcase classname="test.PreferenceWifiSettingsTest" name="ValidatewifisettingsModule" time="12.998"/>
  <system-out>
    <![CDATA[Home Title: API Demos
Graphics Text: Graphics]]>
  </system-out>
</testsuite> <!-- test.PreferenceWifiSettingsTest -->
