<?xml version="1.0" encoding="UTF-8"?>
<!-- Generated by org.testng.reporters.JUnitReportReporter -->
<testsuite hostname="BHARATH" failures="0" tests="1" name="test.AlertDialogsTest" time="6.018" errors="1" timestamp="2025-02-11T21:48:08 IST" skipped="0">
  <testcase classname="test.AlertDialogsTest" name="ValidationOfAlertDialogs" time="6.018">
    <error message="{&quot;value&quot;:{&quot;error&quot;:&quot;unknown method&quot;,&quot;message&quot;:&quot;Method is not implemented&quot;,&quot;stacktrace&quot;:&quot;NotImplementedError: Method is not implemented\n    at AndroidUiautomator2Driver.execute (C:\\Users\\bharath\\node_modules\\appium-uiautomator2-driver\\node_modules\\appium-android-driver\\lib\\commands\\execute.js:20:11)\n    at runCommandPromise (C:\\Users\\bharath\\node_modules\\appium-uiautomator2-driver\\node_modules\\@appium\\base-driver\\lib\\basedriver\\driver.ts:115:20)\n    at C:\\Users\\bharath\\node_modules\\appium-uiautomator2-driver\\node_modules\\async-lock\\lib\\index.js:171:12\n    at AsyncLock._promiseTry (C:\\Users\\bharath\\node_modules\\appium-uiautomator2-driver\\node_modules\\async-lock\\lib\\index.js:306:31)\n    at exec (C:\\Users\\bharath\\node_modules\\appium-uiautomator2-driver\\node_modules\\async-lock\\lib\\index.js:170:9)\n    at AsyncLock.acquire (C:\\Users\\bharath\\node_modules\\appium-uiautomator2-driver\\node_modules\\async-lock\\lib\\index.js:189:3)\n    at AndroidUiautomator2Driver.executeCommand (C:\\Users\\bharath\\node_modules\\appium-uiautomator2-driver\\node_modules\\@appium\\base-driver\\lib\\basedriver\\driver.ts:159:39)\n    at processTicksAndRejections (node:internal/process/task_queues:105:5)\n    at defaultBehavior (C:\\Users\\bharath\\node_modules\\appium\\lib\\appium.js:787:14)\n    at AppiumDriver.executeWrappedCommand (C:\\Users\\bharath\\node_modules\\appium\\lib\\appium.js:900:16)\n    at AppiumDriver.executeCommand (C:\\Users\\bharath\\node_modules\\appium\\lib\\appium.js:799:17)\n    at asyncHandler (C:\\Users\\bharath\\node_modules\\@appium\\base-driver\\lib\\protocol\\protocol.js:387:19)&quot;}}
Command duration or timeout: 15 milliseconds
Build info: version: &#039;4.28.1&#039;, revision: &#039;73f5ad48a2&#039;
System info: os.name: &#039;Windows 11&#039;, os.arch: &#039;amd64&#039;, os.version: &#039;10.0&#039;, java.version: &#039;18.0.2.1&#039;
Driver info: io.appium.java_client.android.AndroidDriver
Command: [ee6c64d2-4db6-4f40-87e5-185285534b27, executeScript {args=[{intent=com.androidsample.generalstore/com.androidsample.generalstore.MainActivity}}], script=window: startActivity}]
Capabilities {appium:app: C:\Users\bharath\eclipse-wo..., appium:appActivity: io.appium.android.apis.ApiD..., appium:appPackage: io.appium.android.apis, appium:automationName: UiAutomator2, appium:databaseEnabled: false, appium:desired: {app: C:\Users\bharath\eclipse-wo..., appActivity: io.appium.android.apis.ApiD..., appPackage: io.appium.android.apis, automationName: UiAutomator2, fullReset: true, newCommandTimeout: 60, noReset: false, platformName: ANDROID, platformVersion: 11, udid: 73667afc}, appium:deviceApiLevel: 30, appium:deviceManufacturer: realme, appium:deviceModel: RMX1921, appium:deviceName: 73667afc, appium:deviceScreenDensity: 480, appium:deviceScreenSize: 1080x2340, appium:deviceUDID: 73667afc, appium:fullReset: true, appium:javascriptEnabled: true, appium:locationContextEnabled: false, appium:networkConnectionEnabled: true, appium:newCommandTimeout: 60, appium:noReset: false, appium:pixelRatio: 3, appium:platformVersion: 11, appium:statBarHeight: 96, appium:takesScreenshot: true, appium:udid: 73667afc, appium:viewportRect: {height: 2244, left: 0, top: 96, width: 1080}, appium:warnings: {}, appium:webStorageEnabled: false, platformName: ANDROID}
Session ID: ee6c64d2-4db6-4f40-87e5-185285534b27" type="org.openqa.selenium.UnsupportedCommandException">
      <![CDATA[org.openqa.selenium.UnsupportedCommandException: {"value":{"error":"unknown method","message":"Method is not implemented","stacktrace":"NotImplementedError: Method is not implemented\n    at AndroidUiautomator2Driver.execute (C:\\Users\\bharath\\node_modules\\appium-uiautomator2-driver\\node_modules\\appium-android-driver\\lib\\commands\\execute.js:20:11)\n    at runCommandPromise (C:\\Users\\bharath\\node_modules\\appium-uiautomator2-driver\\node_modules\\@appium\\base-driver\\lib\\basedriver\\driver.ts:115:20)\n    at C:\\Users\\bharath\\node_modules\\appium-uiautomator2-driver\\node_modules\\async-lock\\lib\\index.js:171:12\n    at AsyncLock._promiseTry (C:\\Users\\bharath\\node_modules\\appium-uiautomator2-driver\\node_modules\\async-lock\\lib\\index.js:306:31)\n    at exec (C:\\Users\\bharath\\node_modules\\appium-uiautomator2-driver\\node_modules\\async-lock\\lib\\index.js:170:9)\n    at AsyncLock.acquire (C:\\Users\\bharath\\node_modules\\appium-uiautomator2-driver\\node_modules\\async-lock\\lib\\index.js:189:3)\n    at AndroidUiautomator2Driver.executeCommand (C:\\Users\\bharath\\node_modules\\appium-uiautomator2-driver\\node_modules\\@appium\\base-driver\\lib\\basedriver\\driver.ts:159:39)\n    at processTicksAndRejections (node:internal/process/task_queues:105:5)\n    at defaultBehavior (C:\\Users\\bharath\\node_modules\\appium\\lib\\appium.js:787:14)\n    at AppiumDriver.executeWrappedCommand (C:\\Users\\bharath\\node_modules\\appium\\lib\\appium.js:900:16)\n    at AppiumDriver.executeCommand (C:\\Users\\bharath\\node_modules\\appium\\lib\\appium.js:799:17)\n    at asyncHandler (C:\\Users\\bharath\\node_modules\\@appium\\base-driver\\lib\\protocol\\protocol.js:387:19)"}}
Command duration or timeout: 15 milliseconds
Build info: version: '4.28.1', revision: '73f5ad48a2'
System info: os.name: 'Windows 11', os.arch: 'amd64', os.version: '10.0', java.version: '18.0.2.1'
Driver info: io.appium.java_client.android.AndroidDriver
Command: [ee6c64d2-4db6-4f40-87e5-185285534b27, executeScript {args=[{intent=com.androidsample.generalstore/com.androidsample.generalstore.MainActivity}}], script=window: startActivity}]
Capabilities {appium:app: C:\Users\bharath\eclipse-wo..., appium:appActivity: io.appium.android.apis.ApiD..., appium:appPackage: io.appium.android.apis, appium:automationName: UiAutomator2, appium:databaseEnabled: false, appium:desired: {app: C:\Users\bharath\eclipse-wo..., appActivity: io.appium.android.apis.ApiD..., appPackage: io.appium.android.apis, automationName: UiAutomator2, fullReset: true, newCommandTimeout: 60, noReset: false, platformName: ANDROID, platformVersion: 11, udid: 73667afc}, appium:deviceApiLevel: 30, appium:deviceManufacturer: realme, appium:deviceModel: RMX1921, appium:deviceName: 73667afc, appium:deviceScreenDensity: 480, appium:deviceScreenSize: 1080x2340, appium:deviceUDID: 73667afc, appium:fullReset: true, appium:javascriptEnabled: true, appium:locationContextEnabled: false, appium:networkConnectionEnabled: true, appium:newCommandTimeout: 60, appium:noReset: false, appium:pixelRatio: 3, appium:platformVersion: 11, appium:statBarHeight: 96, appium:takesScreenshot: true, appium:udid: 73667afc, appium:viewportRect: {height: 2244, left: 0, top: 96, width: 1080}, appium:warnings: {}, appium:webStorageEnabled: false, platformName: ANDROID}
Session ID: ee6c64d2-4db6-4f40-87e5-185285534b27
at java.base/jdk.internal.reflect.DirectConstructorHandleAccessor.newInstance(DirectConstructorHandleAccessor.java:67)
at java.base/java.lang.reflect.Constructor.newInstanceWithCaller(Constructor.java:499)
at java.base/java.lang.reflect.Constructor.newInstance(Constructor.java:483)
at org.openqa.selenium.remote.ErrorHandler.createThrowable(ErrorHandler.java:221)
at org.openqa.selenium.remote.ErrorHandler.throwIfResponseFailed(ErrorHandler.java:170)
at org.openqa.selenium.remote.RemoteWebDriver.execute(RemoteWebDriver.java:598)
at org.openqa.selenium.remote.RemoteWebDriver.executeScript(RemoteWebDriver.java:476)
at test.AlertDialogsTest.ValidationOfAlertDialogs(AlertDialogsTest.java:23)
at java.base/jdk.internal.reflect.DirectMethodHandleAccessor.invoke(DirectMethodHandleAccessor.java:104)
at java.base/java.lang.reflect.Method.invoke(Method.java:577)
at org.testng.internal.invokers.MethodInvocationHelper.invokeMethod(MethodInvocationHelper.java:141)
at org.testng.internal.invokers.TestInvoker.invokeMethod(TestInvoker.java:686)
at org.testng.internal.invokers.TestInvoker.invokeTestMethod(TestInvoker.java:230)
at org.testng.internal.invokers.MethodRunner.runInSequence(MethodRunner.java:63)
at org.testng.internal.invokers.TestInvoker$MethodInvocationAgent.invoke(TestInvoker.java:992)
at org.testng.internal.invokers.TestInvoker.invokeTestMethods(TestInvoker.java:203)
at org.testng.internal.invokers.TestMethodWorker.invokeTestMethods(TestMethodWorker.java:154)
at org.testng.internal.invokers.TestMethodWorker.run(TestMethodWorker.java:134)
at java.base/java.util.ArrayList.forEach(ArrayList.java:1511)
at org.testng.TestRunner.privateRun(TestRunner.java:739)
at org.testng.TestRunner.run(TestRunner.java:614)
at org.testng.SuiteRunner.runTest(SuiteRunner.java:421)
at org.testng.SuiteRunner.runSequentially(SuiteRunner.java:413)
at org.testng.SuiteRunner.privateRun(SuiteRunner.java:373)
at org.testng.SuiteRunner.run(SuiteRunner.java:312)
at org.testng.SuiteRunnerWorker.runSuite(SuiteRunnerWorker.java:52)
at org.testng.SuiteRunnerWorker.run(SuiteRunnerWorker.java:95)
at org.testng.TestNG.runSuitesSequentially(TestNG.java:1274)
at org.testng.TestNG.runSuitesLocally(TestNG.java:1208)
at org.testng.TestNG.runSuites(TestNG.java:1112)
at org.testng.TestNG.run(TestNG.java:1079)
at org.testng.remote.AbstractRemoteTestNG.run(AbstractRemoteTestNG.java:115)
at org.testng.remote.RemoteTestNG.initAndRun(RemoteTestNG.java:293)
at org.testng.remote.RemoteTestNG.main(RemoteTestNG.java:91)
]]>
    </error>
  </testcase> <!-- ValidationOfAlertDialogs -->
</testsuite> <!-- test.AlertDialogsTest -->
