<?xml version="1.0" encoding="UTF-8"?>
<!-- Generated by org.testng.reporters.JUnitReportReporter -->
<testsuite hostname="BHARATH" failures="0" tests="2" name="test.LoginPageTest" time="0.606" errors="0" timestamp="2025-02-11T19:03:56 IST" skipped="0">
  <testcase classname="test.LoginPageTest" name="verifyHomePageTitle" time="0.462">
    <system-out>
      <![CDATA[Home Title: API Demos]]>
    </system-out>
  </testcase> <!-- verifyHomePageTitle -->
  <testcase classname="test.LoginPageTest" name="verifyGraphicsText" time="0.144">
    <system-out>
      <![CDATA[Graphics Text: Graphics]]>
    </system-out>
  </testcase> <!-- verifyGraphicsText -->
  <system-out>
    <![CDATA[Home Title: API Demos
Graphics Text: Graphics]]>
  </system-out>
</testsuite> <!-- test.LoginPageTest -->
